
> intervista-backend@1.0.0 dev
> ts-node-dev --respawn --transpile-only src/index.ts

[INFO] 11:28:56 ts-node-dev ver. 2.0.0 (using ts-node ver. 10.9.2, typescript ver. 5.9.3)
Error: Cannot find module 'pino-http'
Require stack:
- /home/user/InterVista/backend/src/server.ts
- /home/user/InterVista/backend/src/index.ts
    at Function.Module._resolveFilename (node:internal/modules/cjs/loader:1212:15)
    at Function.Module._load (node:internal/modules/cjs/loader:1043:27)
    at Module.require (node:internal/modules/cjs/loader:1298:19)
    at require (node:internal/modules/helpers:182:18)
    at Object.<anonymous> (/home/user/InterVista/backend/src/server.ts:3:1)
    at Module._compile (node:internal/modules/cjs/loader:1529:14)
    at Module._compile (/home/user/InterVista/backend/node_modules/source-map-support/source-map-support.js:521:25)
    at Module.m._compile (/tmp/ts-node-dev-hook-5891108844554334.js:69:33)
    at Module._extensions..js (node:internal/modules/cjs/loader:1613:10)
    at require.extensions..jsx.require.extensions..js (/tmp/ts-node-dev-hook-5891108844554334.js:114:20)
[ERROR] 11:28:56 Error: Cannot find module 'pino-http'
Require stack:
- /home/user/InterVista/backend/src/server.ts
- /home/user/InterVista/backend/src/index.ts

> intervista-backend@1.0.0 dev
> ts-node-dev --respawn --transpile-only src/index.ts

[INFO] 11:40:41 ts-node-dev ver. 2.0.0 (using ts-node ver. 10.9.2, typescript ver. 5.9.3)
Error: Cannot find module '../controllers/interviewController'
Require stack:
- /home/user/InterVista/backend/src/routes/interviews.ts
- /home/user/InterVista/backend/src/server.ts
- /home/user/InterVista/backend/src/index.ts
    at Function.Module._resolveFilename (node:internal/modules/cjs/loader:1212:15)
    at Function.Module._load (node:internal/modules/cjs/loader:1043:27)
    at Module.require (node:internal/modules/cjs/loader:1298:19)
    at require (node:internal/modules/helpers:182:18)
    at Object.<anonymous> (/home/user/InterVista/backend/src/routes/interviews.ts:2:1)
    at Module._compile (node:internal/modules/cjs/loader:1529:14)
    at Module._compile (/home/user/InterVista/backend/node_modules/source-map-support/source-map-support.js:521:25)
    at Module.m._compile (/tmp/ts-node-dev-hook-889261172736818.js:69:33)
    at Module._extensions..js (node:internal/modules/cjs/loader:1613:10)
    at require.extensions..jsx.require.extensions..js (/tmp/ts-node-dev-hook-889261172736818.js:114:20)
[ERROR] 11:40:42 Error: Cannot find module '../controllers/interviewController'
Require stack:
- /home/user/InterVista/backend/src/routes/interviews.ts
- /home/user/InterVista/backend/src/server.ts
- /home/user/InterVista/backend/src/index.ts
[INFO] 11:41:32 Restarting: /home/user/InterVista/backend/src/routes/interviews.ts has been modified
Error: Route.post() requires a callback function but got a [object Undefined]
    at Route.<computed> [as post] (/home/user/InterVista/backend/node_modules/express/lib/router/route.js:216:15)
    at Function.proto.<computed> [as post] (/home/user/InterVista/backend/node_modules/express/lib/router/index.js:521:19)
    at Object.<anonymous> (/home/user/InterVista/backend/src/routes/interviews.ts:7:17)
    at Module._compile (node:internal/modules/cjs/loader:1529:14)
    at Module._compile (/home/user/InterVista/backend/node_modules/source-map-support/source-map-support.js:521:25)
    at Module.m._compile (/tmp/ts-node-dev-hook-889261172736818.js:69:33)
    at Module._extensions..js (node:internal/modules/cjs/loader:1613:10)
    at require.extensions..jsx.require.extensions..js (/tmp/ts-node-dev-hook-889261172736818.js:114:20)
    at require.extensions.<computed> (/tmp/ts-node-dev-hook-889261172736818.js:71:20)
    at Object.nodeDevHook [as .ts] (/home/user/InterVista/backend/node_modules/ts-node-dev/lib/hook.js:63:13)
[ERROR] 11:41:32 Error: Route.post() requires a callback function but got a [object Undefined]
[INFO] 11:42:23 Restarting: /home/user/InterVista/backend/src/controllers/interviewController.ts has been modified
Error: Cannot find module '../controllers/adminController'
Require stack:
- /home/user/InterVista/backend/src/routes/admin.ts
- /home/user/InterVista/backend/src/server.ts
- /home/user/InterVista/backend/src/index.ts
    at Function.Module._resolveFilename (node:internal/modules/cjs/loader:1212:15)
    at Function.Module._load (node:internal/modules/cjs/loader:1043:27)
    at Module.require (node:internal/modules/cjs/loader:1298:19)
    at require (node:internal/modules/helpers:182:18)
    at Object.<anonymous> (/home/user/InterVista/backend/src/routes/admin.ts:2:1)
    at Module._compile (node:internal/modules/cjs/loader:1529:14)
    at Module._compile (/home/user/InterVista/backend/node_modules/source-map-support/source-map-support.js:521:25)
    at Module.m._compile (/tmp/ts-node-dev-hook-889261172736818.js:69:33)
    at Module._extensions..js (node:internal/modules/cjs/loader:1613:10)
    at require.extensions..jsx.require.extensions..js (/tmp/ts-node-dev-hook-889261172736818.js:114:20)
[ERROR] 11:42:24 Error: Cannot find module '../controllers/adminController'
Require stack:
- /home/user/InterVista/backend/src/routes/admin.ts
- /home/user/InterVista/backend/src/server.ts
- /home/user/InterVista/backend/src/index.ts
[INFO] 11:42:44 Restarting: /home/user/InterVista/backend/src/services/firebaseAdmin.ts has been modified
Error: Cannot find module '../../serviceAccountKey.json'
Require stack:
- /home/user/InterVista/backend/src/services/firebaseAdmin.ts
- /home/user/InterVista/backend/src/middleware/auth.ts
- /home/user/InterVista/backend/src/routes/interviews.ts
- /home/user/InterVista/backend/src/server.ts
- /home/user/InterVista/backend/src/index.ts
    at Function.Module._resolveFilename (node:internal/modules/cjs/loader:1212:15)
    at Function.Module._load (node:internal/modules/cjs/loader:1043:27)
    at Module.require (node:internal/modules/cjs/loader:1298:19)
    at require (node:internal/modules/helpers:182:18)
    at Object.<anonymous> (/home/user/InterVista/backend/src/services/firebaseAdmin.ts:3:24)
    at Module._compile (node:internal/modules/cjs/loader:1529:14)
    at Module._compile (/home/user/InterVista/backend/node_modules/source-map-support/source-map-support.js:521:25)
    at Module.m._compile (/tmp/ts-node-dev-hook-889261172736818.js:69:33)
    at Module._extensions..js (node:internal/modules/cjs/loader:1613:10)
    at require.extensions..jsx.require.extensions..js (/tmp/ts-node-dev-hook-889261172736818.js:114:20)
[ERROR] 11:42:44 Error: Cannot find module '../../serviceAccountKey.json'
Require stack:
- /home/user/InterVista/backend/src/services/firebaseAdmin.ts
- /home/user/InterVista/backend/src/middleware/auth.ts
- /home/user/InterVista/backend/src/routes/interviews.ts
- /home/user/InterVista/backend/src/server.ts
- /home/user/InterVista/backend/src/index.ts
[INFO] 11:44:15 Restarting: /home/user/InterVista/backend/src/services/firebaseAdmin.ts has been modified
Error: Failed to parse private key: Error: Invalid PEM formatted message.
    at new ServiceAccount (/home/user/InterVista/backend/node_modules/firebase-admin/lib/app/credential-internal.js:153:19)
    at new ServiceAccountCredential (/home/user/InterVista/backend/node_modules/firebase-admin/lib/app/credential-internal.js:70:15)
    at Object.cert (/home/user/InterVista/backend/node_modules/firebase-admin/lib/app/credential-factory.js:103:54)
    at Object.<anonymous> (/home/user/InterVista/backend/src/services/firebaseAdmin.ts:6:32)
    at Module._compile (node:internal/modules/cjs/loader:1529:14)
    at Module._compile (/home/user/InterVista/backend/node_modules/source-map-support/source-map-support.js:521:25)
    at Module.m._compile (/tmp/ts-node-dev-hook-889261172736818.js:69:33)
    at Module._extensions..js (node:internal/modules/cjs/loader:1613:10)
    at require.extensions..jsx.require.extensions..js (/tmp/ts-node-dev-hook-889261172736818.js:114:20)
    at require.extensions.<computed> (/tmp/ts-node-dev-hook-889261172736818.js:71:20)
[ERROR] 11:44:16 Error: Failed to parse private key: Error: Invalid PEM formatted message.
[INFO] 11:44:44 Restarting: /home/user/InterVista/backend/src/controllers/interviewController.ts has been modified
Error: Failed to parse private key: Error: Invalid PEM formatted message.
    at new ServiceAccount (/home/user/InterVista/backend/node_modules/firebase-admin/lib/app/credential-internal.js:153:19)
    at new ServiceAccountCredential (/home/user/InterVista/backend/node_modules/firebase-admin/lib/app/credential-internal.js:70:15)
    at Object.cert (/home/user/InterVista/backend/node_modules/firebase-admin/lib/app/credential-factory.js:103:54)
    at Object.<anonymous> (/home/user/InterVista/backend/src/services/firebaseAdmin.ts:6:32)
    at Module._compile (node:internal/modules/cjs/loader:1529:14)
    at Module._compile (/home/user/InterVista/backend/node_modules/source-map-support/source-map-support.js:521:25)
    at Module.m._compile (/tmp/ts-node-dev-hook-889261172736818.js:69:33)
    at Module._extensions..js (node:internal/modules/cjs/loader:1613:10)
    at require.extensions..jsx.require.extensions..js (/tmp/ts-node-dev-hook-889261172736818.js:114:20)
    at require.extensions.<computed> (/tmp/ts-node-dev-hook-889261172736818.js:71:20)
[ERROR] 11:44:45 Error: Failed to parse private key: Error: Invalid PEM formatted message.
[INFO] 11:44:58 Restarting: /home/user/InterVista/backend/src/routes/interviews.ts has been modified
Error: Failed to parse private key: Error: Invalid PEM formatted message.
    at new ServiceAccount (/home/user/InterVista/backend/node_modules/firebase-admin/lib/app/credential-internal.js:153:19)
    at new ServiceAccountCredential (/home/user/InterVista/backend/node_modules/firebase-admin/lib/app/credential-internal.js:70:15)
    at Object.cert (/home/user/InterVista/backend/node_modules/firebase-admin/lib/app/credential-factory.js:103:54)
    at Object.<anonymous> (/home/user/InterVista/backend/src/services/firebaseAdmin.ts:6:32)
    at Module._compile (node:internal/modules/cjs/loader:1529:14)
    at Module._compile (/home/user/InterVista/backend/node_modules/source-map-support/source-map-support.js:521:25)
    at Module.m._compile (/tmp/ts-node-dev-hook-889261172736818.js:69:33)
    at Module._extensions..js (node:internal/modules/cjs/loader:1613:10)
    at require.extensions..jsx.require.extensions..js (/tmp/ts-node-dev-hook-889261172736818.js:114:20)
    at require.extensions.<computed> (/tmp/ts-node-dev-hook-889261172736818.js:71:20)
[ERROR] 11:44:58 Error: Failed to parse private key: Error: Invalid PEM formatted message.
[INFO] 11:46:09 Restarting: /home/user/InterVista/backend/serviceAccountKey.json has been modified
Error: Failed to parse private key: Error: Too few bytes to read ASN.1 value.
    at new ServiceAccount (/home/user/InterVista/backend/node_modules/firebase-admin/lib/app/credential-internal.js:153:19)
    at new ServiceAccountCredential (/home/user/InterVista/backend/node_modules/firebase-admin/lib/app/credential-internal.js:70:15)
    at Object.cert (/home/user/InterVista/backend/node_modules/firebase-admin/lib/app/credential-factory.js:103:54)
    at Object.<anonymous> (/home/user/InterVista/backend/src/services/firebaseAdmin.ts:6:32)
    at Module._compile (node:internal/modules/cjs/loader:1529:14)
    at Module._compile (/home/user/InterVista/backend/node_modules/source-map-support/source-map-support.js:521:25)
    at Module.m._compile (/tmp/ts-node-dev-hook-889261172736818.js:69:33)
    at Module._extensions..js (node:internal/modules/cjs/loader:1613:10)
    at require.extensions..jsx.require.extensions..js (/tmp/ts-node-dev-hook-889261172736818.js:114:20)
    at require.extensions.<computed> (/tmp/ts-node-dev-hook-889261172736818.js:71:20)
[ERROR] 11:46:09 Error: Failed to parse private key: Error: Too few bytes to read ASN.1 value.
[INFO] 11:51:01 Restarting: /home/user/InterVista/backend/serviceAccountKey.json has been modified
Error: Failed to parse private key: Error: Invalid PEM formatted message.
    at new ServiceAccount (/home/user/InterVista/backend/node_modules/firebase-admin/lib/app/credential-internal.js:153:19)
    at new ServiceAccountCredential (/home/user/InterVista/backend/node_modules/firebase-admin/lib/app/credential-internal.js:70:15)
    at Object.cert (/home/user/InterVista/backend/node_modules/firebase-admin/lib/app/credential-factory.js:103:54)
    at Object.<anonymous> (/home/user/InterVista/backend/src/services/firebaseAdmin.ts:6:32)
    at Module._compile (node:internal/modules/cjs/loader:1529:14)
    at Module._compile (/home/user/InterVista/backend/node_modules/source-map-support/source-map-support.js:521:25)
    at Module.m._compile (/tmp/ts-node-dev-hook-889261172736818.js:69:33)
    at Module._extensions..js (node:internal/modules/cjs/loader:1613:10)
    at require.extensions..jsx.require.extensions..js (/tmp/ts-node-dev-hook-889261172736818.js:114:20)
    at require.extensions.<computed> (/tmp/ts-node-dev-hook-889261172736818.js:71:20)
[ERROR] 11:51:02 Error: Failed to parse private key: Error: Invalid PEM formatted message.

> intervista-backend@1.0.0 dev
> ts-node-dev --respawn --transpile-only src/index.ts

[INFO] 13:01:55 ts-node-dev ver. 2.0.0 (using ts-node ver. 10.9.2, typescript ver. 5.9.3)
Error: Failed to parse private key: Error: Invalid PEM formatted message.
    at new ServiceAccount (/home/user/InterVista/backend/node_modules/firebase-admin/lib/app/credential-internal.js:153:19)
    at new ServiceAccountCredential (/home/user/InterVista/backend/node_modules/firebase-admin/lib/app/credential-internal.js:70:15)
    at Object.cert (/home/user/InterVista/backend/node_modules/firebase-admin/lib/app/credential-factory.js:103:54)
    at Object.<anonymous> (/home/user/InterVista/backend/src/services/firebaseAdmin.ts:6:32)
    at Module._compile (node:internal/modules/cjs/loader:1529:14)
    at Module._compile (/home/user/InterVista/backend/node_modules/source-map-support/source-map-support.js:521:25)
    at Module.m._compile (/tmp/ts-node-dev-hook-2780115909371572.js:69:33)
    at Module._extensions..js (node:internal/modules/cjs/loader:1613:10)
    at require.extensions..jsx.require.extensions..js (/tmp/ts-node-dev-hook-2780115909371572.js:114:20)
    at require.extensions.<computed> (/tmp/ts-node-dev-hook-2780115909371572.js:71:20)
[ERROR] 13:01:57 Error: Failed to parse private key: Error: Invalid PEM formatted message.
[INFO] 13:03:12 Restarting: /home/user/InterVista/backend/src/routes/interviews.ts has been modified
Error: Cannot find module '../controllers/interview'
Require stack:
- /home/user/InterVista/backend/src/routes/interviews.ts
- /home/user/InterVista/backend/src/server.ts
- /home/user/InterVista/backend/src/index.ts
    at Function.Module._resolveFilename (node:internal/modules/cjs/loader:1212:15)
    at Function.Module._load (node:internal/modules/cjs/loader:1043:27)
    at Module.require (node:internal/modules/cjs/loader:1298:19)
    at require (node:internal/modules/helpers:182:18)
    at Object.<anonymous> (/home/user/InterVista/backend/src/routes/interviews.ts:2:1)
    at Module._compile (node:internal/modules/cjs/loader:1529:14)
    at Module._compile (/home/user/InterVista/backend/node_modules/source-map-support/source-map-support.js:521:25)
    at Module.m._compile (/tmp/ts-node-dev-hook-2780115909371572.js:69:33)
    at Module._extensions..js (node:internal/modules/cjs/loader:1613:10)
    at require.extensions..jsx.require.extensions..js (/tmp/ts-node-dev-hook-2780115909371572.js:114:20)
[ERROR] 13:03:13 Error: Cannot find module '../controllers/interview'
Require stack:
- /home/user/InterVista/backend/src/routes/interviews.ts
- /home/user/InterVista/backend/src/server.ts
- /home/user/InterVista/backend/src/index.ts

> intervista-backend@1.0.0 dev
> ts-node-dev --respawn --transpile-only src/index.ts

[INFO] 13:04:31 ts-node-dev ver. 2.0.0 (using ts-node ver. 10.9.2, typescript ver. 5.9.3)
Error: Cannot find module '../controllers/interview'
Require stack:
- /home/user/InterVista/backend/src/routes/interviews.ts
- /home/user/InterVista/backend/src/server.ts
- /home/user/InterVista/backend/src/index.ts
    at Function.Module._resolveFilename (node:internal/modules/cjs/loader:1212:15)
    at Function.Module._load (node:internal/modules/cjs/loader:1043:27)
    at Module.require (node:internal/modules/cjs/loader:1298:19)
    at require (node:internal/modules/helpers:182:18)
    at Object.<anonymous> (/home/user/InterVista/backend/src/routes/interviews.ts:2:1)
    at Module._compile (node:internal/modules/cjs/loader:1529:14)
    at Module._compile (/home/user/InterVista/backend/node_modules/source-map-support/source-map-support.js:521:25)
    at Module.m._compile (/tmp/ts-node-dev-hook-0962073439637865.js:69:33)
    at Module._extensions..js (node:internal/modules/cjs/loader:1613:10)
    at require.extensions..jsx.require.extensions..js (/tmp/ts-node-dev-hook-0962073439637865.js:114:20)
[ERROR] 13:04:31 Error: Cannot find module '../controllers/interview'
Require stack:
- /home/user/InterVista/backend/src/routes/interviews.ts
- /home/user/InterVista/backend/src/server.ts
- /home/user/InterVista/backend/src/index.ts
[INFO] 13:06:05 Restarting: /home/user/InterVista/backend/src/routes/interviews.ts has been modified
[INFO] 13:06:05 Restarting: /home/user/InterVista/backend/src/routes/interviews.ts has been modified
Error: Cannot find module '../serviceAccountKey.json'
Require stack:
- /home/user/InterVista/backend/src/services/firebaseAdmin.ts
- /home/user/InterVista/backend/src/middleware/auth.ts
- /home/user/InterVista/backend/src/routes/interviews.ts
- /home/user/InterVista/backend/src/server.ts
- /home/user/InterVista/backend/src/index.ts
    at Function.Module._resolveFilename (node:internal/modules/cjs/loader:1212:15)
    at Function.Module._load (node:internal/modules/cjs/loader:1043:27)
    at Module.require (node:internal/modules/cjs/loader:1298:19)
    at require (node:internal/modules/helpers:182:18)
    at Object.<anonymous> (/home/user/InterVista/backend/src/services/firebaseAdmin.ts:3:24)
    at Module._compile (node:internal/modules/cjs/loader:1529:14)
    at Module._compile (/home/user/InterVista/backend/node_modules/source-map-support/source-map-support.js:521:25)
    at Module.m._compile (/tmp/ts-node-dev-hook-2780115909371572.js:69:33)
    at Module._extensions..js (node:internal/modules/cjs/loader:1613:10)
    at require.extensions..jsx.require.extensions..js (/tmp/ts-node-dev-hook-2780115909371572.js:114:20)
[ERROR] 13:06:06 Error: Cannot find module '../serviceAccountKey.json'
Require stack:
- /home/user/InterVista/backend/src/services/firebaseAdmin.ts
- /home/user/InterVista/backend/src/middleware/auth.ts
- /home/user/InterVista/backend/src/routes/interviews.ts
- /home/user/InterVista/backend/src/server.ts
- /home/user/InterVista/backend/src/index.ts
Error: Cannot find module '../serviceAccountKey.json'
Require stack:
- /home/user/InterVista/backend/src/services/firebaseAdmin.ts
- /home/user/InterVista/backend/src/middleware/auth.ts
- /home/user/InterVista/backend/src/routes/interviews.ts
- /home/user/InterVista/backend/src/server.ts
- /home/user/InterVista/backend/src/index.ts
    at Function.Module._resolveFilename (node:internal/modules/cjs/loader:1212:15)
    at Function.Module._load (node:internal/modules/cjs/loader:1043:27)
    at Module.require (node:internal/modules/cjs/loader:1298:19)
    at require (node:internal/modules/helpers:182:18)
    at Object.<anonymous> (/home/user/InterVista/backend/src/services/firebaseAdmin.ts:3:24)
    at Module._compile (node:internal/modules/cjs/loader:1529:14)
    at Module._compile (/home/user/InterVista/backend/node_modules/source-map-support/source-map-support.js:521:25)
    at Module.m._compile (/tmp/ts-node-dev-hook-0962073439637865.js:69:33)
    at Module._extensions..js (node:internal/modules/cjs/loader:1613:10)
    at require.extensions..jsx.require.extensions..js (/tmp/ts-node-dev-hook-0962073439637865.js:114:20)
[ERROR] 13:06:06 Error: Cannot find module '../serviceAccountKey.json'
Require stack:
- /home/user/InterVista/backend/src/services/firebaseAdmin.ts
- /home/user/InterVista/backend/src/middleware/auth.ts
- /home/user/InterVista/backend/src/routes/interviews.ts
- /home/user/InterVista/backend/src/server.ts
- /home/user/InterVista/backend/src/index.ts

> intervista-backend@1.0.0 dev
> ts-node-dev --respawn --transpile-only src/index.ts

[INFO] 13:07:04 ts-node-dev ver. 2.0.0 (using ts-node ver. 10.9.2, typescript ver. 5.9.3)
Error: Cannot find module '../serviceAccountKey.json'
Require stack:
- /home/user/InterVista/backend/src/services/firebaseAdmin.ts
- /home/user/InterVista/backend/src/middleware/auth.ts
- /home/user/InterVista/backend/src/routes/interviews.ts
- /home/user/InterVista/backend/src/server.ts
- /home/user/InterVista/backend/src/index.ts
    at Function.Module._resolveFilename (node:internal/modules/cjs/loader:1212:15)
    at Function.Module._load (node:internal/modules/cjs/loader:1043:27)
    at Module.require (node:internal/modules/cjs/loader:1298:19)
    at require (node:internal/modules/helpers:182:18)
    at Object.<anonymous> (/home/user/InterVista/backend/src/services/firebaseAdmin.ts:3:24)
    at Module._compile (node:internal/modules/cjs/loader:1529:14)
    at Module._compile (/home/user/InterVista/backend/node_modules/source-map-support/source-map-support.js:521:25)
    at Module.m._compile (/tmp/ts-node-dev-hook-7090904293449627.js:69:33)
    at Module._extensions..js (node:internal/modules/cjs/loader:1613:10)
    at require.extensions..jsx.require.extensions..js (/tmp/ts-node-dev-hook-7090904293449627.js:114:20)
[ERROR] 13:07:04 Error: Cannot find module '../serviceAccountKey.json'
Require stack:
- /home/user/InterVista/backend/src/services/firebaseAdmin.ts
- /home/user/InterVista/backend/src/middleware/auth.ts
- /home/user/InterVista/backend/src/routes/interviews.ts
- /home/user/InterVista/backend/src/server.ts
- /home/user/InterVista/backend/src/index.ts
[INFO] 13:08:17 Restarting: /home/user/InterVista/backend/src/services/firebaseAdmin.ts has been modified
Error: Cannot find module '../../serviceAccountKey.json'
Require stack:
- /home/user/InterVista/backend/src/services/firebaseAdmin.ts
- /home/user/InterVista/backend/src/middleware/auth.ts
- /home/user/InterVista/backend/src/routes/interviews.ts
- /home/user/InterVista/backend/src/server.ts
- /home/user/InterVista/backend/src/index.ts
    at Function.Module._resolveFilename (node:internal/modules/cjs/loader:1212:15)
    at Function.Module._load (node:internal/modules/cjs/loader:1043:27)
    at Module.require (node:internal/modules/cjs/loader:1298:19)
    at require (node:internal/modules/helpers:182:18)
    at Object.<anonymous> (/home/user/InterVista/backend/src/services/firebaseAdmin.ts:3:24)
    at Module._compile (node:internal/modules/cjs/loader:1529:14)
    at Module._compile (/home/user/InterVista/backend/node_modules/source-map-support/source-map-support.js:521:25)
    at Module.m._compile (/tmp/ts-node-dev-hook-7090904293449627.js:69:33)
    at Module._extensions..js (node:internal/modules/cjs/loader:1613:10)
    at require.extensions..jsx.require.extensions..js (/tmp/ts-node-dev-hook-7090904293449627.js:114:20)
[ERROR] 13:08:17 Error: Cannot find module '../../serviceAccountKey.json'
Require stack:
- /home/user/InterVista/backend/src/services/firebaseAdmin.ts
- /home/user/InterVista/backend/src/middleware/auth.ts
- /home/user/InterVista/backend/src/routes/interviews.ts
- /home/user/InterVista/backend/src/server.ts
- /home/user/InterVista/backend/src/index.ts

> intervista-backend@1.0.0 dev
> ts-node-dev --respawn --transpile-only src/index.ts

[INFO] 13:08:39 ts-node-dev ver. 2.0.0 (using ts-node ver. 10.9.2, typescript ver. 5.9.3)
Error: Cannot find module '../../serviceAccountKey.json'
Require stack:
- /home/user/InterVista/backend/src/services/firebaseAdmin.ts
- /home/user/InterVista/backend/src/middleware/auth.ts
- /home/user/InterVista/backend/src/routes/interviews.ts
- /home/user/InterVista/backend/src/server.ts
- /home/user/InterVista/backend/src/index.ts
    at Function.Module._resolveFilename (node:internal/modules/cjs/loader:1212:15)
    at Function.Module._load (node:internal/modules/cjs/loader:1043:27)
    at Module.require (node:internal/modules/cjs/loader:1298:19)
    at require (node:internal/modules/helpers:182:18)
    at Object.<anonymous> (/home/user/InterVista/backend/src/services/firebaseAdmin.ts:3:24)
    at Module._compile (node:internal/modules/cjs/loader:1529:14)
    at Module._compile (/home/user/InterVista/backend/node_modules/source-map-support/source-map-support.js:521:25)
    at Module.m._compile (/tmp/ts-node-dev-hook-9659511347624488.js:69:33)
    at Module._extensions..js (node:internal/modules/cjs/loader:1613:10)
    at require.extensions..jsx.require.extensions..js (/tmp/ts-node-dev-hook-9659511347624488.js:114:20)
[ERROR] 13:08:40 Error: Cannot find module '../../serviceAccountKey.json'
Require stack:
- /home/user/InterVista/backend/src/services/firebaseAdmin.ts
- /home/user/InterVista/backend/src/middleware/auth.ts
- /home/user/InterVista/backend/src/routes/interviews.ts
- /home/user/InterVista/backend/src/server.ts
- /home/user/InterVista/backend/src/index.ts
[INFO] 13:08:56 Restarting: /home/user/InterVista/backend/src/services/firebaseAdmin.ts has been modified
[INFO] 13:08:56 Restarting: /home/user/InterVista/backend/src/services/firebaseAdmin.ts has been modified
Error: Failed to parse private key: Error: Invalid PEM formatted message.
    at new ServiceAccount (/home/user/InterVista/backend/node_modules/firebase-admin/lib/app/credential-internal.js:153:19)
    at new ServiceAccountCredential (/home/user/InterVista/backend/node_modules/firebase-admin/lib/app/credential-internal.js:70:15)
    at Object.cert (/home/user/InterVista/backend/node_modules/firebase-admin/lib/app/credential-factory.js:103:54)
    at Object.<anonymous> (/home/user/InterVista/backend/src/services/firebaseAdmin.ts:6:32)
    at Module._compile (node:internal/modules/cjs/loader:1529:14)
    at Module._compile (/home/user/InterVista/backend/node_modules/source-map-support/source-map-support.js:521:25)
    at Module.m._compile (/tmp/ts-node-dev-hook-7090904293449627.js:69:33)
    at Module._extensions..js (node:internal/modules/cjs/loader:1613:10)
    at require.extensions..jsx.require.extensions..js (/tmp/ts-node-dev-hook-7090904293449627.js:114:20)
    at require.extensions.<computed> (/tmp/ts-node-dev-hook-7090904293449627.js:71:20)
[ERROR] 13:08:56 Error: Failed to parse private key: Error: Invalid PEM formatted message.
Error: Failed to parse private key: Error: Invalid PEM formatted message.
    at new ServiceAccount (/home/user/InterVista/backend/node_modules/firebase-admin/lib/app/credential-internal.js:153:19)
    at new ServiceAccountCredential (/home/user/InterVista/backend/node_modules/firebase-admin/lib/app/credential-internal.js:70:15)
    at Object.cert (/home/user/InterVista/backend/node_modules/firebase-admin/lib/app/credential-factory.js:103:54)
    at Object.<anonymous> (/home/user/InterVista/backend/src/services/firebaseAdmin.ts:6:32)
    at Module._compile (node:internal/modules/cjs/loader:1529:14)
    at Module._compile (/home/user/InterVista/backend/node_modules/source-map-support/source-map-support.js:521:25)
    at Module.m._compile (/tmp/ts-node-dev-hook-9659511347624488.js:69:33)
    at Module._extensions..js (node:internal/modules/cjs/loader:1613:10)
    at require.extensions..jsx.require.extensions..js (/tmp/ts-node-dev-hook-9659511347624488.js:114:20)
    at require.extensions.<computed> (/tmp/ts-node-dev-hook-9659511347624488.js:71:20)
[ERROR] 13:08:56 Error: Failed to parse private key: Error: Invalid PEM formatted message.

> intervista-backend@1.0.0 dev
> ts-node-dev --respawn --transpile-only src/index.ts

[INFO] 13:09:10 ts-node-dev ver. 2.0.0 (using ts-node ver. 10.9.2, typescript ver. 5.9.3)
Error: Failed to parse private key: Error: Invalid PEM formatted message.
    at new ServiceAccount (/home/user/InterVista/backend/node_modules/firebase-admin/lib/app/credential-internal.js:153:19)
    at new ServiceAccountCredential (/home/user/InterVista/backend/node_modules/firebase-admin/lib/app/credential-internal.js:70:15)
    at Object.cert (/home/user/InterVista/backend/node_modules/firebase-admin/lib/app/credential-factory.js:103:54)
    at Object.<anonymous> (/home/user/InterVista/backend/src/services/firebaseAdmin.ts:6:32)
    at Module._compile (node:internal/modules/cjs/loader:1529:14)
    at Module._compile (/home/user/InterVista/backend/node_modules/source-map-support/source-map-support.js:521:25)
    at Module.m._compile (/tmp/ts-node-dev-hook-3787238296022988.js:69:33)
    at Module._extensions..js (node:internal/modules/cjs/loader:1613:10)
    at require.extensions..jsx.require.extensions..js (/tmp/ts-node-dev-hook-3787238296022988.js:114:20)
    at require.extensions.<computed> (/tmp/ts-node-dev-hook-3787238296022988.js:71:20)
[ERROR] 13:09:10 Error: Failed to parse private key: Error: Invalid PEM formatted message.
[INFO] 13:22:40 Restarting: /home/user/InterVista/backend/src/serviceAccountKey.json has been modified
[INFO] 13:22:40 Restarting: /home/user/InterVista/backend/src/serviceAccountKey.json has been modified
[INFO] 13:22:40 Restarting: /home/user/InterVista/backend/src/serviceAccountKey.json has been modified
Error: Cannot find module '../controllers/reportController'
Require stack:
- /home/user/InterVista/backend/src/routes/reports.ts
- /home/user/InterVista/backend/src/server.ts
- /home/user/InterVista/backend/src/index.ts
    at Function.Module._resolveFilename (node:internal/modules/cjs/loader:1212:15)
    at Function.Module._load (node:internal/modules/cjs/loader:1043:27)
    at Module.require (node:internal/modules/cjs/loader:1298:19)
    at require (node:internal/modules/helpers:182:18)
    at Object.<anonymous> (/home/user/InterVista/backend/src/routes/reports.ts:2:1)
    at Module._compile (node:internal/modules/cjs/loader:1529:14)
    at Module._compile (/home/user/InterVista/backend/node_modules/source-map-support/source-map-support.js:521:25)
    at Module.m._compile (/tmp/ts-node-dev-hook-3787238296022988.js:69:33)
    at Module._extensions..js (node:internal/modules/cjs/loader:1613:10)
    at require.extensions..jsx.require.extensions..js (/tmp/ts-node-dev-hook-3787238296022988.js:114:20)
[ERROR] 13:22:40 Error: Cannot find module '../controllers/reportController'
Require stack:
- /home/user/InterVista/backend/src/routes/reports.ts
- /home/user/InterVista/backend/src/server.ts
- /home/user/InterVista/backend/src/index.ts
Error: Cannot find module '../controllers/reportController'
Require stack:
- /home/user/InterVista/backend/src/routes/reports.ts
- /home/user/InterVista/backend/src/server.ts
- /home/user/InterVista/backend/src/index.ts
    at Function.Module._resolveFilename (node:internal/modules/cjs/loader:1212:15)
    at Function.Module._load (node:internal/modules/cjs/loader:1043:27)
    at Module.require (node:internal/modules/cjs/loader:1298:19)
    at require (node:internal/modules/helpers:182:18)
    at Object.<anonymous> (/home/user/InterVista/backend/src/routes/reports.ts:2:1)
    at Module._compile (node:internal/modules/cjs/loader:1529:14)
    at Module._compile (/home/user/InterVista/backend/node_modules/source-map-support/source-map-support.js:521:25)
    at Module.m._compile (/tmp/ts-node-dev-hook-7090904293449627.js:69:33)
    at Module._extensions..js (node:internal/modules/cjs/loader:1613:10)
    at require.extensions..jsx.require.extensions..js (/tmp/ts-node-dev-hook-7090904293449627.js:114:20)
[ERROR] 13:22:40 Error: Cannot find module '../controllers/reportController'
Require stack:
- /home/user/InterVista/backend/src/routes/reports.ts
- /home/user/InterVista/backend/src/server.ts
- /home/user/InterVista/backend/src/index.ts
Error: Cannot find module '../controllers/reportController'
Require stack:
- /home/user/InterVista/backend/src/routes/reports.ts
- /home/user/InterVista/backend/src/server.ts
- /home/user/InterVista/backend/src/index.ts
    at Function.Module._resolveFilename (node:internal/modules/cjs/loader:1212:15)
    at Function.Module._load (node:internal/modules/cjs/loader:1043:27)
    at Module.require (node:internal/modules/cjs/loader:1298:19)
    at require (node:internal/modules/helpers:182:18)
    at Object.<anonymous> (/home/user/InterVista/backend/src/routes/reports.ts:2:1)
    at Module._compile (node:internal/modules/cjs/loader:1529:14)
    at Module._compile (/home/user/InterVista/backend/node_modules/source-map-support/source-map-support.js:521:25)
    at Module.m._compile (/tmp/ts-node-dev-hook-9659511347624488.js:69:33)
    at Module._extensions..js (node:internal/modules/cjs/loader:1613:10)
    at require.extensions..jsx.require.extensions..js (/tmp/ts-node-dev-hook-9659511347624488.js:114:20)
[ERROR] 13:22:40 Error: Cannot find module '../controllers/reportController'
Require stack:
- /home/user/InterVista/backend/src/routes/reports.ts
- /home/user/InterVista/backend/src/server.ts
- /home/user/InterVista/backend/src/index.ts

> intervista-backend@1.0.0 dev
> ts-node-dev --respawn --transpile-only src/index.ts

[INFO] 13:23:08 ts-node-dev ver. 2.0.0 (using ts-node ver. 10.9.2, typescript ver. 5.9.3)
Error: Cannot find module '../controllers/reportController'
Require stack:
- /home/user/InterVista/backend/src/routes/reports.ts
- /home/user/InterVista/backend/src/server.ts
- /home/user/InterVista/backend/src/index.ts
    at Function.Module._resolveFilename (node:internal/modules/cjs/loader:1212:15)
    at Function.Module._load (node:internal/modules/cjs/loader:1043:27)
    at Module.require (node:internal/modules/cjs/loader:1298:19)
    at require (node:internal/modules/helpers:182:18)
    at Object.<anonymous> (/home/user/InterVista/backend/src/routes/reports.ts:2:1)
    at Module._compile (node:internal/modules/cjs/loader:1529:14)
    at Module._compile (/home/user/InterVista/backend/node_modules/source-map-support/source-map-support.js:521:25)
    at Module.m._compile (/tmp/ts-node-dev-hook-12997686898712235.js:69:33)
    at Module._extensions..js (node:internal/modules/cjs/loader:1613:10)
    at require.extensions..jsx.require.extensions..js (/tmp/ts-node-dev-hook-12997686898712235.js:114:20)
[ERROR] 13:23:08 Error: Cannot find module '../controllers/reportController'
Require stack:
- /home/user/InterVista/backend/src/routes/reports.ts
- /home/user/InterVista/backend/src/server.ts
- /home/user/InterVista/backend/src/index.ts

> intervista-backend@1.0.0 dev
> ts-node-dev --respawn --transpile-only src/index.ts

[INFO] 13:23:56 ts-node-dev ver. 2.0.0 (using ts-node ver. 10.9.2, typescript ver. 5.9.3)
Error: Cannot find module './routes/auth'
Require stack:
- /home/user/InterVista/backend/src/server.ts
- /home/user/InterVista/backend/src/index.ts
    at Function.Module._resolveFilename (node:internal/modules/cjs/loader:1212:15)
    at Function.Module._load (node:internal/modules/cjs/loader:1043:27)
    at Module.require (node:internal/modules/cjs/loader:1298:19)
    at require (node:internal/modules/helpers:182:18)
    at Object.<anonymous> (/home/user/InterVista/backend/src/server.ts:12:1)
    at Module._compile (node:internal/modules/cjs/loader:1529:14)
    at Module._compile (/home/user/InterVista/backend/node_modules/source-map-support/source-map-support.js:521:25)
    at Module.m._compile (/tmp/ts-node-dev-hook-697463265654505.js:69:33)
    at Module._extensions..js (node:internal/modules/cjs/loader:1613:10)
    at require.extensions..jsx.require.extensions..js (/tmp/ts-node-dev-hook-697463265654505.js:114:20)
[ERROR] 13:23:56 Error: Cannot find module './routes/auth'
Require stack:
- /home/user/InterVista/backend/src/server.ts
- /home/user/InterVista/backend/src/index.ts

> intervista-backend@1.0.0 dev
> ts-node-dev --respawn --transpile-only src/index.ts

[INFO] 13:25:52 ts-node-dev ver. 2.0.0 (using ts-node ver. 10.9.2, typescript ver. 5.9.3)
Error: Cannot find module './utils/logger'
Require stack:
- /home/user/InterVista/backend/src/server.ts
- /home/user/InterVista/backend/src/index.ts
    at Function.Module._resolveFilename (node:internal/modules/cjs/loader:1212:15)
    at Function.Module._load (node:internal/modules/cjs/loader:1043:27)
    at Module.require (node:internal/modules/cjs/loader:1298:19)
    at require (node:internal/modules/helpers:182:18)
    at Object.<anonymous> (/home/user/InterVista/backend/src/server.ts:14:1)
    at Module._compile (node:internal/modules/cjs/loader:1529:14)
    at Module._compile (/home/user/InterVista/backend/node_modules/source-map-support/source-map-support.js:521:25)
    at Module.m._compile (/tmp/ts-node-dev-hook-07026272903698927.js:69:33)
    at Module._extensions..js (node:internal/modules/cjs/loader:1613:10)
    at require.extensions..jsx.require.extensions..js (/tmp/ts-node-dev-hook-07026272903698927.js:114:20)
[ERROR] 13:25:54 Error: Cannot find module './utils/logger'
Require stack:
- /home/user/InterVista/backend/src/server.ts
- /home/user/InterVista/backend/src/index.ts

> intervista-backend@1.0.0 dev
> ts-node-dev --respawn --transpile-only src/index.ts

[INFO] 13:26:48 ts-node-dev ver. 2.0.0 (using ts-node ver. 10.9.2, typescript ver. 5.9.3)
{"level":30,"time":1765027609280,"pid":7618,"hostname":"firebase-intervista-1764818211493","msg":"Server is listening on port 4000"}
[INFO] 13:42:57 Restarting: /home/user/InterVista/backend/src/server.ts has been modified
[INFO] 13:42:57 Restarting: /home/user/InterVista/backend/src/server.ts has been modified
[INFO] 13:42:57 Restarting: /home/user/InterVista/backend/src/server.ts has been modified
[INFO] 13:42:57 Restarting: /home/user/InterVista/backend/src/server.ts has been modified
[INFO] 13:42:57 Restarting: /home/user/InterVista/backend/src/server.ts has been modified
[INFO] 13:42:57 Restarting: /home/user/InterVista/backend/src/server.ts has been modified
[INFO] 13:42:57 Restarting: /home/user/InterVista/backend/src/server.ts has been modified
{"level":30,"time":1765028578079,"pid":11573,"hostname":"firebase-intervista-1764818211493","msg":"Server is listening on port 4000"}
Error: listen EADDRINUSE: address already in use :::4000
    at Server.setupListenHandle [as _listen2] (node:net:1908:16)
    at listenInCluster (node:net:1965:12)
    at Server.listen (node:net:2067:7)
    at Object.<anonymous> (/home/user/InterVista/backend/src/index.ts:33:12)
    at Module._compile (node:internal/modules/cjs/loader:1529:14)
    at Module._compile (/home/user/InterVista/backend/node_modules/source-map-support/source-map-support.js:521:25)
    at Module.m._compile (/tmp/ts-node-dev-hook-7090904293449627.js:69:33)
    at Module._extensions..js (node:internal/modules/cjs/loader:1613:10)
    at require.extensions..jsx.require.extensions..js (/tmp/ts-node-dev-hook-7090904293449627.js:114:20)
    at require.extensions.<computed> (/tmp/ts-node-dev-hook-7090904293449627.js:71:20)
[ERROR] 13:42:58 Error: listen EADDRINUSE: address already in use :::4000
Error: listen EADDRINUSE: address already in use :::4000
    at Server.setupListenHandle [as _listen2] (node:net:1908:16)
    at listenInCluster (node:net:1965:12)
    at Server.listen (node:net:2067:7)
    at Object.<anonymous> (/home/user/InterVista/backend/src/index.ts:33:12)
    at Module._compile (node:internal/modules/cjs/loader:1529:14)
    at Module._compile (/home/user/InterVista/backend/node_modules/source-map-support/source-map-support.js:521:25)
    at Module.m._compile (/tmp/ts-node-dev-hook-9659511347624488.js:69:33)
    at Module._extensions..js (node:internal/modules/cjs/loader:1613:10)
    at require.extensions..jsx.require.extensions..js (/tmp/ts-node-dev-hook-9659511347624488.js:114:20)
    at require.extensions.<computed> (/tmp/ts-node-dev-hook-9659511347624488.js:71:20)
[ERROR] 13:42:58 Error: listen EADDRINUSE: address already in use :::4000
Error: listen EADDRINUSE: address already in use :::4000
    at Server.setupListenHandle [as _listen2] (node:net:1908:16)
    at listenInCluster (node:net:1965:12)
    at Server.listen (node:net:2067:7)
    at Object.<anonymous> (/home/user/InterVista/backend/src/index.ts:33:12)
    at Module._compile (node:internal/modules/cjs/loader:1529:14)
    at Module._compile (/home/user/InterVista/backend/node_modules/source-map-support/source-map-support.js:521:25)
    at Module.m._compile (/tmp/ts-node-dev-hook-07026272903698927.js:69:33)
    at Module._extensions..js (node:internal/modules/cjs/loader:1613:10)
    at require.extensions..jsx.require.extensions..js (/tmp/ts-node-dev-hook-07026272903698927.js:114:20)
    at require.extensions.<computed> (/tmp/ts-node-dev-hook-07026272903698927.js:71:20)
[ERROR] 13:42:58 Error: listen EADDRINUSE: address already in use :::4000
Error: listen EADDRINUSE: address already in use :::4000
    at Server.setupListenHandle [as _listen2] (node:net:1908:16)
    at listenInCluster (node:net:1965:12)
    at Server.listen (node:net:2067:7)
    at Object.<anonymous> (/home/user/InterVista/backend/src/index.ts:33:12)
    at Module._compile (node:internal/modules/cjs/loader:1529:14)
    at Module._compile (/home/user/InterVista/backend/node_modules/source-map-support/source-map-support.js:521:25)
    at Module.m._compile (/tmp/ts-node-dev-hook-697463265654505.js:69:33)
    at Module._extensions..js (node:internal/modules/cjs/loader:1613:10)
    at require.extensions..jsx.require.extensions..js (/tmp/ts-node-dev-hook-697463265654505.js:114:20)
    at require.extensions.<computed> (/tmp/ts-node-dev-hook-697463265654505.js:71:20)
[ERROR] 13:42:58 Error: listen EADDRINUSE: address already in use :::4000
Error: listen EADDRINUSE: address already in use :::4000
    at Server.setupListenHandle [as _listen2] (node:net:1908:16)
    at listenInCluster (node:net:1965:12)
    at Server.listen (node:net:2067:7)
    at Object.<anonymous> (/home/user/InterVista/backend/src/index.ts:33:12)
    at Module._compile (node:internal/modules/cjs/loader:1529:14)
    at Module._compile (/home/user/InterVista/backend/node_modules/source-map-support/source-map-support.js:521:25)
    at Module.m._compile (/tmp/ts-node-dev-hook-12997686898712235.js:69:33)
    at Module._extensions..js (node:internal/modules/cjs/loader:1613:10)
    at require.extensions..jsx.require.extensions..js (/tmp/ts-node-dev-hook-12997686898712235.js:114:20)
    at require.extensions.<computed> (/tmp/ts-node-dev-hook-12997686898712235.js:71:20)
[ERROR] 13:42:58 Error: listen EADDRINUSE: address already in use :::4000
Error: listen EADDRINUSE: address already in use :::4000
    at Server.setupListenHandle [as _listen2] (node:net:1908:16)
    at listenInCluster (node:net:1965:12)
    at Server.listen (node:net:2067:7)
    at Object.<anonymous> (/home/user/InterVista/backend/src/index.ts:33:12)
    at Module._compile (node:internal/modules/cjs/loader:1529:14)
    at Module._compile (/home/user/InterVista/backend/node_modules/source-map-support/source-map-support.js:521:25)
    at Module.m._compile (/tmp/ts-node-dev-hook-3787238296022988.js:69:33)
    at Module._extensions..js (node:internal/modules/cjs/loader:1613:10)
    at require.extensions..jsx.require.extensions..js (/tmp/ts-node-dev-hook-3787238296022988.js:114:20)
    at require.extensions.<computed> (/tmp/ts-node-dev-hook-3787238296022988.js:71:20)
[ERROR] 13:42:58 Error: listen EADDRINUSE: address already in use :::4000

> intervista-backend@1.0.0 dev
> ts-node-dev --respawn --transpile-only src/index.ts

[INFO] 13:44:33 ts-node-dev ver. 2.0.0 (using ts-node ver. 10.9.2, typescript ver. 5.9.3)
{"level":30,"time":1765028673641,"pid":11961,"hostname":"firebase-intervista-1764818211493","msg":"Server is listening on port 4000"}
[INFO] 13:46:41 Restarting: /home/user/InterVista/backend/src/services/firebaseAdmin.ts has been modified
[INFO] 13:46:41 Restarting: /home/user/InterVista/backend/src/services/firebaseAdmin.ts has been modified
[INFO] 13:46:41 Restarting: /home/user/InterVista/backend/src/services/firebaseAdmin.ts has been modified
[INFO] 13:46:41 Restarting: /home/user/InterVista/backend/src/services/firebaseAdmin.ts has been modified
[INFO] 13:46:41 Restarting: /home/user/InterVista/backend/src/services/firebaseAdmin.ts has been modified
[INFO] 13:46:41 Restarting: /home/user/InterVista/backend/src/services/firebaseAdmin.ts has been modified
[INFO] 13:46:41 Restarting: /home/user/InterVista/backend/src/services/firebaseAdmin.ts has been modified
[INFO] 13:46:41 Restarting: /home/user/InterVista/backend/src/services/firebaseAdmin.ts has been modified
Error: Cannot find module '../../serviceAccountKey.json'
Require stack:
- /home/user/InterVista/backend/src/services/firebaseAdmin.ts
- /home/user/InterVista/backend/src/middleware/auth.ts
- /home/user/InterVista/backend/src/routes/interviews.ts
- /home/user/InterVista/backend/src/server.ts
- /home/user/InterVista/backend/src/index.ts
    at Function.Module._resolveFilename (node:internal/modules/cjs/loader:1212:15)
    at Function.Module._load (node:internal/modules/cjs/loader:1043:27)
    at Module.require (node:internal/modules/cjs/loader:1298:19)
    at require (node:internal/modules/helpers:182:18)
    at Object.<anonymous> (/home/user/InterVista/backend/src/services/firebaseAdmin.ts:3:24)
    at Module._compile (node:internal/modules/cjs/loader:1529:14)
    at Module._compile (/home/user/InterVista/backend/node_modules/source-map-support/source-map-support.js:521:25)
    at Module.m._compile (/tmp/ts-node-dev-hook-7090904293449627.js:69:33)
    at Module._extensions..js (node:internal/modules/cjs/loader:1613:10)
    at require.extensions..jsx.require.extensions..js (/tmp/ts-node-dev-hook-7090904293449627.js:114:20)
[ERROR] 13:46:42 Error: Cannot find module '../../serviceAccountKey.json'
Require stack:
- /home/user/InterVista/backend/src/services/firebaseAdmin.ts
- /home/user/InterVista/backend/src/middleware/auth.ts
- /home/user/InterVista/backend/src/routes/interviews.ts
- /home/user/InterVista/backend/src/server.ts
- /home/user/InterVista/backend/src/index.ts
Error: Cannot find module '../../serviceAccountKey.json'
Require stack:
- /home/user/InterVista/backend/src/services/firebaseAdmin.ts
- /home/user/InterVista/backend/src/middleware/auth.ts
- /home/user/InterVista/backend/src/routes/interviews.ts
- /home/user/InterVista/backend/src/server.ts
- /home/user/InterVista/backend/src/index.ts
    at Function.Module._resolveFilename (node:internal/modules/cjs/loader:1212:15)
    at Function.Module._load (node:internal/modules/cjs/loader:1043:27)
    at Module.require (node:internal/modules/cjs/loader:1298:19)
    at require (node:internal/modules/helpers:182:18)
    at Object.<anonymous> (/home/user/InterVista/backend/src/services/firebaseAdmin.ts:3:24)
    at Module._compile (node:internal/modules/cjs/loader:1529:14)
    at Module._compile (/home/user/InterVista/backend/node_modules/source-map-support/source-map-support.js:521:25)
    at Module.m._compile (/tmp/ts-node-dev-hook-07026272903698927.js:69:33)
    at Module._extensions..js (node:internal/modules/cjs/loader:1613:10)
    at require.extensions..jsx.require.extensions..js (/tmp/ts-node-dev-hook-07026272903698927.js:114:20)
[ERROR] 13:46:42 Error: Cannot find module '../../serviceAccountKey.json'
Require stack:
- /home/user/InterVista/backend/src/services/firebaseAdmin.ts
- /home/user/InterVista/backend/src/middleware/auth.ts
- /home/user/InterVista/backend/src/routes/interviews.ts
- /home/user/InterVista/backend/src/server.ts
- /home/user/InterVista/backend/src/index.ts
Error: Cannot find module '../../serviceAccountKey.json'
Require stack:
- /home/user/InterVista/backend/src/services/firebaseAdmin.ts
- /home/user/InterVista/backend/src/middleware/auth.ts
- /home/user/InterVista/backend/src/routes/interviews.ts
- /home/user/InterVista/backend/src/server.ts
- /home/user/InterVista/backend/src/index.ts
    at Function.Module._resolveFilename (node:internal/modules/cjs/loader:1212:15)
    at Function.Module._load (node:internal/modules/cjs/loader:1043:27)
    at Module.require (node:internal/modules/cjs/loader:1298:19)
    at require (node:internal/modules/helpers:182:18)
    at Object.<anonymous> (/home/user/InterVista/backend/src/services/firebaseAdmin.ts:3:24)
    at Module._compile (node:internal/modules/cjs/loader:1529:14)
    at Module._compile (/home/user/InterVista/backend/node_modules/source-map-support/source-map-support.js:521:25)
    at Module.m._compile (/tmp/ts-node-dev-hook-697463265654505.js:69:33)
    at Module._extensions..js (node:internal/modules/cjs/loader:1613:10)
    at require.extensions..jsx.require.extensions..js (/tmp/ts-node-dev-hook-697463265654505.js:114:20)
[ERROR] 13:46:42 Error: Cannot find module '../../serviceAccountKey.json'
Require stack:
- /home/user/InterVista/backend/src/services/firebaseAdmin.ts
- /home/user/InterVista/backend/src/middleware/auth.ts
- /home/user/InterVista/backend/src/routes/interviews.ts
- /home/user/InterVista/backend/src/server.ts
- /home/user/InterVista/backend/src/index.ts
Error: Cannot find module '../../serviceAccountKey.json'
Require stack:
- /home/user/InterVista/backend/src/services/firebaseAdmin.ts
- /home/user/InterVista/backend/src/middleware/auth.ts
- /home/user/InterVista/backend/src/routes/interviews.ts
- /home/user/InterVista/backend/src/server.ts
- /home/user/InterVista/backend/src/index.ts
    at Function.Module._resolveFilename (node:internal/modules/cjs/loader:1212:15)
    at Function.Module._load (node:internal/modules/cjs/loader:1043:27)
    at Module.require (node:internal/modules/cjs/loader:1298:19)
    at require (node:internal/modules/helpers:182:18)
    at Object.<anonymous> (/home/user/InterVista/backend/src/services/firebaseAdmin.ts:3:24)
    at Module._compile (node:internal/modules/cjs/loader:1529:14)
    at Module._compile (/home/user/InterVista/backend/node_modules/source-map-support/source-map-support.js:521:25)
    at Module.m._compile (/tmp/ts-node-dev-hook-6869465993290855.js:69:33)
    at Module._extensions..js (node:internal/modules/cjs/loader:1613:10)
    at require.extensions..jsx.require.extensions..js (/tmp/ts-node-dev-hook-6869465993290855.js:114:20)
[ERROR] 13:46:42 Error: Cannot find module '../../serviceAccountKey.json'
Require stack:
- /home/user/InterVista/backend/src/services/firebaseAdmin.ts
- /home/user/InterVista/backend/src/middleware/auth.ts
- /home/user/InterVista/backend/src/routes/interviews.ts
- /home/user/InterVista/backend/src/server.ts
- /home/user/InterVista/backend/src/index.ts
Error: Cannot find module '../../serviceAccountKey.json'
Require stack:
- /home/user/InterVista/backend/src/services/firebaseAdmin.ts
- /home/user/InterVista/backend/src/middleware/auth.ts
- /home/user/InterVista/backend/src/routes/interviews.ts
- /home/user/InterVista/backend/src/server.ts
- /home/user/InterVista/backend/src/index.ts
    at Function.Module._resolveFilename (node:internal/modules/cjs/loader:1212:15)
    at Function.Module._load (node:internal/modules/cjs/loader:1043:27)
    at Module.require (node:internal/modules/cjs/loader:1298:19)
    at require (node:internal/modules/helpers:182:18)
    at Object.<anonymous> (/home/user/InterVista/backend/src/services/firebaseAdmin.ts:3:24)
    at Module._compile (node:internal/modules/cjs/loader:1529:14)
    at Module._compile (/home/user/InterVista/backend/node_modules/source-map-support/source-map-support.js:521:25)
    at Module.m._compile (/tmp/ts-node-dev-hook-9659511347624488.js:69:33)
    at Module._extensions..js (node:internal/modules/cjs/loader:1613:10)
    at require.extensions..jsx.require.extensions..js (/tmp/ts-node-dev-hook-9659511347624488.js:114:20)
[ERROR] 13:46:42 Error: Cannot find module '../../serviceAccountKey.json'
Require stack:
- /home/user/InterVista/backend/src/services/firebaseAdmin.ts
- /home/user/InterVista/backend/src/middleware/auth.ts
- /home/user/InterVista/backend/src/routes/interviews.ts
- /home/user/InterVista/backend/src/server.ts
- /home/user/InterVista/backend/src/index.ts
Error: Cannot find module '../../serviceAccountKey.json'
Require stack:
- /home/user/InterVista/backend/src/services/firebaseAdmin.ts
- /home/user/InterVista/backend/src/middleware/auth.ts
- /home/user/InterVista/backend/src/routes/interviews.ts
- /home/user/InterVista/backend/src/server.ts
- /home/user/InterVista/backend/src/index.ts
    at Function.Module._resolveFilename (node:internal/modules/cjs/loader:1212:15)
    at Function.Module._load (node:internal/modules/cjs/loader:1043:27)
    at Module.require (node:internal/modules/cjs/loader:1298:19)
    at require (node:internal/modules/helpers:182:18)
    at Object.<anonymous> (/home/user/InterVista/backend/src/services/firebaseAdmin.ts:3:24)
    at Module._compile (node:internal/modules/cjs/loader:1529:14)
    at Module._compile (/home/user/InterVista/backend/node_modules/source-map-support/source-map-support.js:521:25)
    at Module.m._compile (/tmp/ts-node-dev-hook-9697086556119177.js:69:33)
    at Module._extensions..js (node:internal/modules/cjs/loader:1613:10)
    at require.extensions..jsx.require.extensions..js (/tmp/ts-node-dev-hook-9697086556119177.js:114:20)
[ERROR] 13:46:42 Error: Cannot find module '../../serviceAccountKey.json'
Require stack:
- /home/user/InterVista/backend/src/services/firebaseAdmin.ts
- /home/user/InterVista/backend/src/middleware/auth.ts
- /home/user/InterVista/backend/src/routes/interviews.ts
- /home/user/InterVista/backend/src/server.ts
- /home/user/InterVista/backend/src/index.ts
Error: Cannot find module '../../serviceAccountKey.json'
Require stack:
- /home/user/InterVista/backend/src/services/firebaseAdmin.ts
- /home/user/InterVista/backend/src/middleware/auth.ts
- /home/user/InterVista/backend/src/routes/interviews.ts
- /home/user/InterVista/backend/src/server.ts
- /home/user/InterVista/backend/src/index.ts
    at Function.Module._resolveFilename (node:internal/modules/cjs/loader:1212:15)
    at Function.Module._load (node:internal/modules/cjs/loader:1043:27)
    at Module.require (node:internal/modules/cjs/loader:1298:19)
    at require (node:internal/modules/helpers:182:18)
    at Object.<anonymous> (/home/user/InterVista/backend/src/services/firebaseAdmin.ts:3:24)
    at Module._compile (node:internal/modules/cjs/loader:1529:14)
    at Module._compile (/home/user/InterVista/backend/node_modules/source-map-support/source-map-support.js:521:25)
    at Module.m._compile (/tmp/ts-node-dev-hook-12997686898712235.js:69:33)
    at Module._extensions..js (node:internal/modules/cjs/loader:1613:10)
    at require.extensions..jsx.require.extensions..js (/tmp/ts-node-dev-hook-12997686898712235.js:114:20)
[ERROR] 13:46:42 Error: Cannot find module '../../serviceAccountKey.json'
Require stack:
- /home/user/InterVista/backend/src/services/firebaseAdmin.ts
- /home/user/InterVista/backend/src/middleware/auth.ts
- /home/user/InterVista/backend/src/routes/interviews.ts
- /home/user/InterVista/backend/src/server.ts
- /home/user/InterVista/backend/src/index.ts
Error: Cannot find module '../../serviceAccountKey.json'
Require stack:
- /home/user/InterVista/backend/src/services/firebaseAdmin.ts
- /home/user/InterVista/backend/src/middleware/auth.ts
- /home/user/InterVista/backend/src/routes/interviews.ts
- /home/user/InterVista/backend/src/server.ts
- /home/user/InterVista/backend/src/index.ts
    at Function.Module._resolveFilename (node:internal/modules/cjs/loader:1212:15)
    at Function.Module._load (node:internal/modules/cjs/loader:1043:27)
    at Module.require (node:internal/modules/cjs/loader:1298:19)
    at require (node:internal/modules/helpers:182:18)
    at Object.<anonymous> (/home/user/InterVista/backend/src/services/firebaseAdmin.ts:3:24)
    at Module._compile (node:internal/modules/cjs/loader:1529:14)
    at Module._compile (/home/user/InterVista/backend/node_modules/source-map-support/source-map-support.js:521:25)
    at Module.m._compile (/tmp/ts-node-dev-hook-3787238296022988.js:69:33)
    at Module._extensions..js (node:internal/modules/cjs/loader:1613:10)
    at require.extensions..jsx.require.extensions..js (/tmp/ts-node-dev-hook-3787238296022988.js:114:20)
[ERROR] 13:46:42 Error: Cannot find module '../../serviceAccountKey.json'
Require stack:
- /home/user/InterVista/backend/src/services/firebaseAdmin.ts
- /home/user/InterVista/backend/src/middleware/auth.ts
- /home/user/InterVista/backend/src/routes/interviews.ts
- /home/user/InterVista/backend/src/server.ts
- /home/user/InterVista/backend/src/index.ts

> intervista-backend@1.0.0 dev
> ts-node-dev --respawn --transpile-only src/index.ts

[INFO] 16:19:57 ts-node-dev ver. 2.0.0 (using ts-node ver. 10.9.2, typescript ver. 5.9.3)
Error: Failed to parse private key: Error: Invalid PEM formatted message.
    at new ServiceAccount (/home/user/InterVista/backend/node_modules/firebase-admin/lib/app/credential-internal.js:153:19)
    at new ServiceAccountCredential (/home/user/InterVista/backend/node_modules/firebase-admin/lib/app/credential-internal.js:70:15)
    at Object.cert (/home/user/InterVista/backend/node_modules/firebase-admin/lib/app/credential-factory.js:103:54)
    at Object.<anonymous> (/home/user/InterVista/backend/src/services/firebaseAdmin.ts:6:32)
    at Module._compile (node:internal/modules/cjs/loader:1529:14)
    at Module._compile (/home/user/InterVista/backend/node_modules/source-map-support/source-map-support.js:521:25)
    at Module.m._compile (/tmp/ts-node-dev-hook-8619933986243753.js:69:33)
    at Module._extensions..js (node:internal/modules/cjs/loader:1613:10)
    at require.extensions..jsx.require.extensions..js (/tmp/ts-node-dev-hook-8619933986243753.js:114:20)
    at require.extensions.<computed> (/tmp/ts-node-dev-hook-8619933986243753.js:71:20)
[ERROR] 16:19:58 Error: Failed to parse private key: Error: Invalid PEM formatted message.
